<?xml version="1.0" encoding="UTF-8"?>
<!-- Generated by org.testng.reporters.JUnitReportReporter -->
<testsuite hostname="Nilmie" failures="0" tests="1" name="MiHCM.HCM" time="11.757" errors="0" timestamp="2020-10-16T15:29:08 IST" skipped="0">
  <testcase classname="MiHCM.HCM" name="Test" time="11.757"/>
  <system-out/>
</testsuite> <!-- MiHCM.HCM -->
