<?xml version="1.0" encoding="UTF-8"?>
<!-- Generated by org.testng.reporters.JUnitReportReporter -->
<testsuite hostname="Nilmie" failures="0" tests="1" name="Test.Login" time="2.363" errors="0" timestamp="2020-10-23T11:48:52 IST" skipped="0">
  <testcase classname="Test.Login" name="test_Home_Page_Appear_Correct" time="2.363"/>
  <system-out/>
</testsuite> <!-- Test.Login -->
