<?xml version="1.0" encoding="UTF-8"?>
<!-- Generated by org.testng.reporters.JUnitReportReporter -->
<testsuite hostname="Nilmie" failures="0" tests="1" name="Runner.TestRunner" time="21.615" errors="0" timestamp="2020-11-13T10:48:31 IST" skipped="0">
  <testcase classname="Runner.TestRunner" name="feature" time="21.615"/>
  <system-out/>
</testsuite> <!-- Runner.TestRunner -->
