<?xml version="1.0" encoding="UTF-8"?>
<!-- Generated by org.testng.reporters.JUnitReportReporter -->
<testsuite skipped="0" hostname="Nilmie" name="Runner.TestRunner" tests="1" failures="0" timestamp="2020-11-27T13:51:27 IST" time="59.108" errors="0">
  <testcase name="feature" time="59.108" classname="Runner.TestRunner"/>
</testsuite> <!-- Runner.TestRunner -->
